2026-01-01 08:49:52.970423 - NEW CONNECTION: ConsID=1 TokenPrefix=eyJhbGciOi...
2026-01-01 08:49:52.973414 - USER: ID=1 Role=SEEKER
2026-01-01 08:49:52.977227 - ACCEPTING CONNECTION
2026-01-01 08:49:52.977576 - CONNECTED
2026-01-01 08:50:40.684616 - NEW CONNECTION: ConsID=2 TokenPrefix=eyJhbGciOi...
2026-01-01 08:50:40.685209 - USER: ID=1 Role=SEEKER
2026-01-01 08:50:40.685574 - ACCEPTING CONNECTION
2026-01-01 08:50:40.685724 - CONNECTED
2026-01-01 08:50:46.883100 - NEW CONNECTION: ConsID=1 TokenPrefix=eyJhbGciOi...
2026-01-01 08:50:46.884599 - USER: ID=1 Role=SEEKER
2026-01-01 08:50:46.885069 - ACCEPTING CONNECTION
2026-01-01 08:50:46.885358 - CONNECTED
2026-01-01 08:51:43.009597 - NEW CONNECTION: ConsID=1 TokenPrefix=eyJhbGciOi...
2026-01-01 08:51:43.010266 - USER: ID=1 Role=SEEKER
2026-01-01 08:51:43.011071 - ACCEPTING CONNECTION
2026-01-01 08:51:43.011424 - CONNECTED
2026-01-01 08:54:24.162301 - NEW CONNECTION: ConsID=3 TokenPrefix=eyJhbGciOi...
2026-01-01 08:54:24.163681 - USER: ID=1 Role=SEEKER
2026-01-01 08:54:24.164228 - ACCEPTING CONNECTION
2026-01-01 08:54:24.164457 - CONNECTED
2026-01-01 08:54:24.175154 - NEW CONNECTION: ConsID=3 TokenPrefix=eyJhbGciOi...
2026-01-01 08:54:24.176057 - USER: ID=1 Role=SEEKER
2026-01-01 08:54:24.176737 - ACCEPTING CONNECTION
2026-01-01 08:54:24.176967 - CONNECTED
2026-01-01 08:55:32.928688 - NEW CONNECTION: ConsID=1 TokenPrefix=eyJhbGciOi...
2026-01-01 08:55:32.931422 - USER: ID=1 Role=SEEKER
2026-01-01 08:55:32.932899 - ACCEPTING CONNECTION
2026-01-01 08:55:32.933804 - CONNECTED
2026-01-01 09:00:20.030695 - NEW CONNECTION: ConsID=1 TokenPrefix=eyJhbGciOi...
2026-01-01 09:00:20.031206 - USER: ID=2 Role=ASTROLOGER
2026-01-01 09:00:20.031411 - ACCEPTING CONNECTION
2026-01-01 09:00:20.031523 - CONNECTED
2026-01-01 09:01:38.148686 - NEW CONNECTION: ConsID=1 TokenPrefix=eyJhbGciOi...
2026-01-01 09:01:38.153240 - USER: ID=1 Role=SEEKER
2026-01-01 09:01:38.154784 - ACCEPTING CONNECTION
2026-01-01 09:01:38.155831 - CONNECTED
2026-01-01 09:02:33.736568 - NEW CONNECTION: ConsID=1 TokenPrefix=eyJhbGciOi...
2026-01-01 09:02:33.737592 - USER: ID=1 Role=SEEKER
2026-01-01 09:02:33.737958 - ACCEPTING CONNECTION
2026-01-01 09:02:33.738107 - CONNECTED
2026-01-01 09:05:29.358815 - NEW CONNECTION: ConsID=1 TokenPrefix=eyJhbGciOi...
2026-01-01 09:05:29.360465 - USER: ID=1 Role=SEEKER
2026-01-01 09:05:29.360856 - ACCEPTING CONNECTION
2026-01-01 09:05:29.361162 - CONNECTED
2026-01-01 09:05:29.375744 - NEW CONNECTION: ConsID=1 TokenPrefix=eyJhbGciOi...
2026-01-01 09:05:29.376664 - USER: ID=1 Role=SEEKER
2026-01-01 09:05:29.377132 - ACCEPTING CONNECTION
2026-01-01 09:05:29.377522 - CONNECTED
2026-01-01 09:06:38.614257 - NEW CONNECTION: ConsID=4 TokenPrefix=eyJhbGciOi...
2026-01-01 09:06:38.615748 - USER: ID=1 Role=SEEKER
2026-01-01 09:06:38.616316 - ACCEPTING CONNECTION
2026-01-01 09:06:38.616545 - CONNECTED
2026-01-01 09:06:38.626566 - NEW CONNECTION: ConsID=4 TokenPrefix=eyJhbGciOi...
2026-01-01 09:06:38.627627 - USER: ID=1 Role=SEEKER
2026-01-01 09:06:38.628355 - ACCEPTING CONNECTION
2026-01-01 09:06:38.628749 - CONNECTED
2026-01-01 09:06:47.267334 - NEW CONNECTION: ConsID=1 TokenPrefix=eyJhbGciOi...
2026-01-01 09:06:47.271124 - USER: ID=1 Role=SEEKER
2026-01-01 09:06:47.275183 - ACCEPTING CONNECTION
2026-01-01 09:06:47.275760 - CONNECTED
